# JRE version: OpenJDK Runtime Environment (7.0_91-b02) (build 1.7.0_91-b02)
# Java VM: OpenJDK 64-Bit Server VM (24.91-b01 mixed mode linux-amd64 compressed oops)
Heap
 def new generation   total 78720K, used 75863K [0x00000000b0000000, 0x00000000b5560000, 0x00000000c5550000)
  eden space 70016K,  95% used [0x00000000b0000000, 0x00000000b4195e80, 0x00000000b4460000)
  from space 8704K, 100% used [0x00000000b4ce0000, 0x00000000b5560000, 0x00000000b5560000)
  to   space 8704K,   0% used [0x00000000b4460000, 0x00000000b4460000, 0x00000000b4ce0000)
 tenured generation   total 174784K, used 45064K [0x00000000c5550000, 0x00000000d0000000, 0x00000000f0000000)
   the space 174784K,  25% used [0x00000000c5550000, 0x00000000c81521b8, 0x00000000c8152200, 0x00000000d0000000)
 compacting perm gen  total 41408K, used 41262K [0x00000000f0000000, 0x00000000f2870000, 0x0000000100000000)
   the space 41408K,  99% used [0x00000000f0000000, 0x00000000f284bb58, 0x00000000f284bc00, 0x00000000f2870000)
GC Heap History (10 events):
Event: 33.052 GC heap before
{Heap before GC invocations=4 (full 0):
 def new generation   total 78656K, used 77803K [0x00000000b0000000, 0x00000000b5550000, 0x00000000c5550000)
  eden space 69952K, 100% used [0x00000000b0000000, 0x00000000b4450000, 0x00000000b4450000)
  from space 8704K,  90% used [0x00000000b4450000, 0x00000000b4bfae30, 0x00000000b4cd0000)
  to   space 8704K,   0% used [0x00000000b4cd0000, 0x00000000b4cd0000, 0x00000000b5550000)
 tenured generation   total 174784K, used 18690K [0x00000000c5550000, 0x00000000d0000000, 0x00000000f0000000)
   the space 174784K,  10% used [0x00000000c5550000, 0x00000000c6790a90, 0x00000000c6790c00, 0x00000000d0000000)
 compacting perm gen  total 21248K, used 20929K [0x00000000f0000000, 0x00000000f14c0000, 0x0000000100000000)
   the space 21248K,  98% used [0x00000000f0000000, 0x00000000f1470498, 0x00000000f1470600, 0x00000000f14c0000)
No shared spaces configured.
Event: 33.091 GC heap after
Heap after GC invocations=5 (full 0):
 def new generation   total 78656K, used 7507K [0x00000000b0000000, 0x00000000b5550000, 0x00000000c5550000)
  eden space 69952K,   0% used [0x00000000b0000000, 0x00000000b0000000, 0x00000000b4450000)
  from space 8704K,  86% used [0x00000000b4cd0000, 0x00000000b5424e40, 0x00000000b5550000)
  to   space 8704K,   0% used [0x00000000b4450000, 0x00000000b4450000, 0x00000000b4cd0000)
 tenured generation   total 174784K, used 20957K [0x00000000c5550000, 0x00000000d0000000, 0x00000000f0000000)
   the space 174784K,  11% used [0x00000000c5550000, 0x00000000c69c7470, 0x00000000c69c7600, 0x00000000d0000000)
 compacting perm gen  total 21248K, used 20929K [0x00000000f0000000, 0x00000000f14c0000, 0x0000000100000000)
   the space 21248K,  98% used [0x00000000f0000000, 0x00000000f1470498, 0x00000000f1470600, 0x00000000f14c0000)
No shared spaces configured.
}
Event: 36.451 GC heap before
{Heap before GC invocations=5 (full 0):
 def new generation   total 78656K, used 60827K [0x00000000b0000000, 0x00000000b5550000, 0x00000000c5550000)
  eden space 69952K,  76% used [0x00000000b0000000, 0x00000000b3412028, 0x00000000b4450000)
  from space 8704K,  86% used [0x00000000b4cd0000, 0x00000000b5424e40, 0x00000000b5550000)
  to   space 8704K,   0% used [0x00000000b4450000, 0x00000000b4450000, 0x00000000b4cd0000)
 tenured generation   total 174784K, used 20957K [0x00000000c5550000, 0x00000000d0000000, 0x00000000f0000000)
   the space 174784K,  11% used [0x00000000c5550000, 0x00000000c69c7470, 0x00000000c69c7600, 0x00000000d0000000)
 compacting perm gen  total 26688K, used 26687K [0x00000000f0000000, 0x00000000f1a10000, 0x0000000100000000)
   the space 26688K,  99% used [0x00000000f0000000, 0x00000000f1a0ffa0, 0x00000000f1a10000, 0x00000000f1a10000)
No shared spaces configured.
Event: 36.635 GC heap after
Heap after GC invocations=6 (full 1):
 def new generation   total 78720K, used 0K [0x00000000b0000000, 0x00000000b5560000, 0x00000000c5550000)
  eden space 70016K,   0% used [0x00000000b0000000, 0x00000000b0000000, 0x00000000b4460000)
  from space 8704K,   0% used [0x00000000b4460000, 0x00000000b4460000, 0x00000000b4ce0000)
  to   space 8704K,   0% used [0x00000000b4ce0000, 0x00000000b4ce0000, 0x00000000b5560000)
 tenured generation   total 174784K, used 32224K [0x00000000c5550000, 0x00000000d0000000, 0x00000000f0000000)
   the space 174784K,  18% used [0x00000000c5550000, 0x00000000c74c8050, 0x00000000c74c8200, 0x00000000d0000000)
 compacting perm gen  total 26688K, used 26687K [0x00000000f0000000, 0x00000000f1a10000, 0x0000000100000000)
   the space 26688K,  99% used [0x00000000f0000000, 0x00000000f1a0ffa0, 0x00000000f1a10000, 0x00000000f1a10000)
No shared spaces configured.
}
Event: 39.275 GC heap before
{Heap before GC invocations=6 (full 1):
 def new generation   total 78720K, used 35705K [0x00000000b0000000, 0x00000000b5560000, 0x00000000c5550000)
  eden space 70016K,  50% used [0x00000000b0000000, 0x00000000b22de4b8, 0x00000000b4460000)
  from space 8704K,   0% used [0x00000000b4460000, 0x00000000b4460000, 0x00000000b4ce0000)
  to   space 8704K,   0% used [0x00000000b4ce0000, 0x00000000b4ce0000, 0x00000000b5560000)
 tenured generation   total 174784K, used 32224K [0x00000000c5550000, 0x00000000d0000000, 0x00000000f0000000)
   the space 174784K,  18% used [0x00000000c5550000, 0x00000000c74c8050, 0x00000000c74c8200, 0x00000000d0000000)
 compacting perm gen  total 32128K, used 32127K [0x00000000f0000000, 0x00000000f1f60000, 0x0000000100000000)
   the space 32128K,  99% used [0x00000000f0000000, 0x00000000f1f5ffb0, 0x00000000f1f60000, 0x00000000f1f60000)
No shared spaces configured.
Event: 39.442 GC heap after
Heap after GC invocations=7 (full 2):
 def new generation   total 78720K, used 0K [0x00000000b0000000, 0x00000000b5560000, 0x00000000c5550000)
  eden space 70016K,   0% used [0x00000000b0000000, 0x00000000b0000000, 0x00000000b4460000)
  from space 8704K,   0% used [0x00000000b4460000, 0x00000000b4460000, 0x00000000b4ce0000)
  to   space 8704K,   0% used [0x00000000b4ce0000, 0x00000000b4ce0000, 0x00000000b5560000)
 tenured generation   total 174784K, used 37282K [0x00000000c5550000, 0x00000000d0000000, 0x00000000f0000000)
   the space 174784K,  21% used [0x00000000c5550000, 0x00000000c79b8980, 0x00000000c79b8a00, 0x00000000d0000000)
 compacting perm gen  total 32128K, used 32127K [0x00000000f0000000, 0x00000000f1f60000, 0x0000000100000000)
   the space 32128K,  99% used [0x00000000f0000000, 0x00000000f1f5ffb0, 0x00000000f1f60000, 0x00000000f1f60000)
No shared spaces configured.
}
Event: 41.856 GC heap before
{Heap before GC invocations=7 (full 2):
 def new generation   total 78720K, used 28198K [0x00000000b0000000, 0x00000000b5560000, 0x00000000c5550000)
  eden space 70016K,  40% used [0x00000000b0000000, 0x00000000b1b899c8, 0x00000000b4460000)
  from space 8704K,   0% used [0x00000000b4460000, 0x00000000b4460000, 0x00000000b4ce0000)
  to   space 8704K,   0% used [0x00000000b4ce0000, 0x00000000b4ce0000, 0x00000000b5560000)
 tenured generation   total 174784K, used 37282K [0x00000000c5550000, 0x00000000d0000000, 0x00000000f0000000)
   the space 174784K,  21% used [0x00000000c5550000, 0x00000000c79b8980, 0x00000000c79b8a00, 0x00000000d0000000)
 compacting perm gen  total 37568K, used 37567K [0x00000000f0000000, 0x00000000f24b0000, 0x0000000100000000)
   the space 37568K,  99% used [0x00000000f0000000, 0x00000000f24afcf0, 0x00000000f24afe00, 0x00000000f24b0000)
No shared spaces configured.
Event: 42.101 GC heap after
Heap after GC invocations=8 (full 3):
 def new generation   total 78720K, used 0K [0x00000000b0000000, 0x00000000b5560000, 0x00000000c5550000)
  eden space 70016K,   0% used [0x00000000b0000000, 0x00000000b0000000, 0x00000000b4460000)
  from space 8704K,   0% used [0x00000000b4460000, 0x00000000b4460000, 0x00000000b4ce0000)
  to   space 8704K,   0% used [0x00000000b4ce0000, 0x00000000b4ce0000, 0x00000000b5560000)
 tenured generation   total 174784K, used 44542K [0x00000000c5550000, 0x00000000d0000000, 0x00000000f0000000)
   the space 174784K,  25% used [0x00000000c5550000, 0x00000000c80cf870, 0x00000000c80cfa00, 0x00000000d0000000)
 compacting perm gen  total 37568K, used 37567K [0x00000000f0000000, 0x00000000f24b0000, 0x0000000100000000)
   the space 37568K,  99% used [0x00000000f0000000, 0x00000000f24afcf0, 0x00000000f24afe00, 0x00000000f24b0000)
No shared spaces configured.
}
Event: 51.542 GC heap before
{Heap before GC invocations=8 (full 3):
 def new generation   total 78720K, used 70016K [0x00000000b0000000, 0x00000000b5560000, 0x00000000c5550000)
  eden space 70016K, 100% used [0x00000000b0000000, 0x00000000b4460000, 0x00000000b4460000)
  from space 8704K,   0% used [0x00000000b4460000, 0x00000000b4460000, 0x00000000b4ce0000)
  to   space 8704K,   0% used [0x00000000b4ce0000, 0x00000000b4ce0000, 0x00000000b5560000)
 tenured generation   total 174784K, used 44542K [0x00000000c5550000, 0x00000000d0000000, 0x00000000f0000000)
   the space 174784K,  25% used [0x00000000c5550000, 0x00000000c80cf870, 0x00000000c80cfa00, 0x00000000d0000000)
 compacting perm gen  total 39168K, used 39020K [0x00000000f0000000, 0x00000000f2640000, 0x0000000100000000)
   the space 39168K,  99% used [0x00000000f0000000, 0x00000000f261b160, 0x00000000f261b200, 0x00000000f2640000)
No shared spaces configured.
Event: 51.757 GC heap after
Heap after GC invocations=9 (full 3):
 def new generation   total 78720K, used 8704K [0x00000000b0000000, 0x00000000b5560000, 0x00000000c5550000)
  eden space 70016K,   0% used [0x00000000b0000000, 0x00000000b0000000, 0x00000000b4460000)
  from space 8704K, 100% used [0x00000000b4ce0000, 0x00000000b5560000, 0x00000000b5560000)
  to   space 8704K,   0% used [0x00000000b4460000, 0x00000000b4460000, 0x00000000b4ce0000)
 tenured generation   total 174784K, used 45064K [0x00000000c5550000, 0x00000000d0000000, 0x00000000f0000000)
   the space 174784K,  25% used [0x00000000c5550000, 0x00000000c81521b8, 0x00000000c8152200, 0x00000000d0000000)
 compacting perm gen  total 39168K, used 39020K [0x00000000f0000000, 0x00000000f2640000, 0x0000000100000000)
   the space 39168K,  99% used [0x00000000f0000000, 0x00000000f261b160, 0x00000000f261b200, 0x00000000f2640000)
No shared spaces configured.
}

